<?xml version="1.0" encoding="UTF-8"?>
<testng-results skipped="0" failed="0" total="1" passed="1">
  <reporter-output>
  </reporter-output>
  <suite name="Default suite" duration-ms="14594" started-at="2020-12-15T06:38:13Z" finished-at="2020-12-15T06:38:28Z">
    <groups>
    </groups>
    <test name="Default test" duration-ms="14594" started-at="2020-12-15T06:38:13Z" finished-at="2020-12-15T06:38:28Z">
      <class name="org.project.EcommerceTask">
        <test-method status="PASS" signature="launch()[pri:0, instance:org.project.EcommerceTask@c038203]" name="launch" is-config="true" duration-ms="8198" started-at="2020-12-14T22:38:13Z" finished-at="2020-12-14T22:38:22Z">
          <reporter-output>
          </reporter-output>
        </test-method> <!-- launch -->
        <test-method status="PASS" signature="sourceCode1()[pri:0, instance:org.project.EcommerceTask@c038203]" name="sourceCode1" duration-ms="6378" started-at="2020-12-14T22:38:22Z" finished-at="2020-12-14T22:38:28Z">
          <reporter-output>
          </reporter-output>
        </test-method> <!-- sourceCode1 -->
      </class> <!-- org.project.EcommerceTask -->
    </test> <!-- Default test -->
  </suite> <!-- Default suite -->
</testng-results>
